d:\seneca\c++programs\tictactoe\debug\vc141.pdb
d:\seneca\c++programs\tictactoe\debug\vc141.idb
d:\seneca\c++programs\tictactoe\debug\tictac.obj
d:\seneca\c++programs\tictactoe\debug\main.obj
d:\seneca\c++programs\tictactoe\debug\tictactoe.exe
d:\seneca\c++programs\tictactoe\debug\tictactoe.ilk
d:\seneca\c++programs\tictactoe\debug\tictactoe.pdb
c:\users\chris\desktop\seneca\c++programs\tictactoe\debug\main.obj
c:\users\chris\desktop\seneca\c++programs\tictactoe\debug\tictac.obj
c:\users\chris\desktop\seneca\c++programs\tictactoe\debug\tictactoe.ilk
c:\users\chris\desktop\seneca\c++programs\tictactoe\debug\vc141.idb
c:\users\chris\desktop\seneca\c++programs\tictactoe\debug\tictactoe.pdb
c:\users\chris\desktop\seneca\c++programs\tictactoe\debug\vc141.pdb
c:\users\chris\desktop\seneca\c++programs\tictactoe\debug\tictactoe.exe
c:\users\chris\desktop\seneca\c++programs\tictactoe\debug\tictactoe.tlog\cl.command.1.tlog
c:\users\chris\desktop\seneca\c++programs\tictactoe\debug\tictactoe.tlog\cl.read.1.tlog
c:\users\chris\desktop\seneca\c++programs\tictactoe\debug\tictactoe.tlog\cl.write.1.tlog
c:\users\chris\desktop\seneca\c++programs\tictactoe\debug\tictactoe.tlog\link.command.1.tlog
c:\users\chris\desktop\seneca\c++programs\tictactoe\debug\tictactoe.tlog\link.read.1.tlog
c:\users\chris\desktop\seneca\c++programs\tictactoe\debug\tictactoe.tlog\link.write.1.tlog
